<?xml version="1.0" encoding="UTF-8"?>
<!-- Generated by org.testng.reporters.JUnitReportReporter -->
<testsuite skipped="0" hostname="DESKTOP-L7AGLPD" name="com.propine.qa.test.DateParserHomeTest" tests="26" failures="0" timestamp="23 Jun 2020 16:30:57 GMT" time="52.333" errors="1">
  <testcase name="DateParserTest" time="1.739" classname="com.propine.qa.test.DateParserHomeTest"/>
  <testcase name="DateParserTest" time="1.905" classname="com.propine.qa.test.DateParserHomeTest"/>
  <testcase name="DateParserTest" time="1.649" classname="com.propine.qa.test.DateParserHomeTest"/>
  <testcase name="DateParserTest" time="2.022" classname="com.propine.qa.test.DateParserHomeTest"/>
  <testcase name="DateParserTest" time="1.839" classname="com.propine.qa.test.DateParserHomeTest"/>
  <testcase name="DateParserTest" time="1.840" classname="com.propine.qa.test.DateParserHomeTest"/>
  <testcase name="DateParserTest" time="1.786" classname="com.propine.qa.test.DateParserHomeTest"/>
  <testcase name="DateParserTest" time="1.919" classname="com.propine.qa.test.DateParserHomeTest"/>
  <testcase name="DateParserTest" time="1.578" classname="com.propine.qa.test.DateParserHomeTest"/>
  <testcase name="DateParserTest" time="1.944" classname="com.propine.qa.test.DateParserHomeTest"/>
  <testcase name="DateParserTest" time="1.931" classname="com.propine.qa.test.DateParserHomeTest"/>
  <testcase name="DateParserTest" time="1.797" classname="com.propine.qa.test.DateParserHomeTest"/>
  <testcase name="DateParserTest" time="1.962" classname="com.propine.qa.test.DateParserHomeTest"/>
  <testcase name="DateParserTest" time="1.841" classname="com.propine.qa.test.DateParserHomeTest"/>
  <testcase name="DateParserTest" time="3.135" classname="com.propine.qa.test.DateParserHomeTest"/>
  <testcase name="DateParserTest" time="1.560" classname="com.propine.qa.test.DateParserHomeTest"/>
  <testcase name="DateParserTest" time="4.451" classname="com.propine.qa.test.DateParserHomeTest">
    <error type="java.lang.IllegalArgumentException" message="Keys to send should be a not null CharSequence">
      <![CDATA[java.lang.IllegalArgumentException: Keys to send should be a not null CharSequence
	at org.openqa.selenium.remote.RemoteWebElement.sendKeys(RemoteWebElement.java:100)
	at sun.reflect.NativeMethodAccessorImpl.invoke0(Native Method)
	at sun.reflect.NativeMethodAccessorImpl.invoke(NativeMethodAccessorImpl.java:62)
	at sun.reflect.DelegatingMethodAccessorImpl.invoke(DelegatingMethodAccessorImpl.java:43)
	at java.lang.reflect.Method.invoke(Method.java:498)
	at org.openqa.selenium.support.pagefactory.internal.LocatingElementHandler.invoke(LocatingElementHandler.java:52)
	at com.sun.proxy.$Proxy19.sendKeys(Unknown Source)
	at com.propine.qa.pages.LandingPage.getDate(LandingPage.java:29)
	at com.propine.qa.test.DateParserHomeTest.DateParserTest(DateParserHomeTest.java:35)
	at sun.reflect.NativeMethodAccessorImpl.invoke0(Native Method)
	at sun.reflect.NativeMethodAccessorImpl.invoke(NativeMethodAccessorImpl.java:62)
	at sun.reflect.DelegatingMethodAccessorImpl.invoke(DelegatingMethodAccessorImpl.java:43)
	at java.lang.reflect.Method.invoke(Method.java:498)
	at org.testng.internal.MethodInvocationHelper.invokeMethod(MethodInvocationHelper.java:100)
	at org.testng.internal.Invoker.invokeMethod(Invoker.java:646)
	at org.testng.internal.Invoker.invokeTestMethod(Invoker.java:811)
	at org.testng.internal.Invoker.invokeTestMethods(Invoker.java:1137)
	at org.testng.internal.TestMethodWorker.invokeTestMethods(TestMethodWorker.java:129)
	at org.testng.internal.TestMethodWorker.run(TestMethodWorker.java:112)
	at org.testng.TestRunner.privateRun(TestRunner.java:753)
	at org.testng.TestRunner.run(TestRunner.java:607)
	at org.testng.SuiteRunner.runTest(SuiteRunner.java:368)
	at org.testng.SuiteRunner.runSequentially(SuiteRunner.java:363)
	at org.testng.SuiteRunner.privateRun(SuiteRunner.java:321)
	at org.testng.SuiteRunner.run(SuiteRunner.java:270)
	at org.testng.SuiteRunnerWorker.runSuite(SuiteRunnerWorker.java:52)
	at org.testng.SuiteRunnerWorker.run(SuiteRunnerWorker.java:86)
	at org.testng.TestNG.runSuitesSequentially(TestNG.java:1284)
	at org.testng.TestNG.runSuitesLocally(TestNG.java:1209)
	at org.testng.TestNG.runSuites(TestNG.java:1124)
	at org.testng.TestNG.run(TestNG.java:1096)
	at org.testng.remote.AbstractRemoteTestNG.run(AbstractRemoteTestNG.java:132)
	at org.testng.remote.RemoteTestNG.initAndRun(RemoteTestNG.java:236)
	at org.testng.remote.RemoteTestNG.main(RemoteTestNG.java:81)
]]>
    </error>
  </testcase> <!-- DateParserTest -->
  <testcase name="DateParserTest" time="1.885" classname="com.propine.qa.test.DateParserHomeTest"/>
  <testcase name="DateParserTest" time="1.798" classname="com.propine.qa.test.DateParserHomeTest"/>
  <testcase name="DateParserTest" time="2.193" classname="com.propine.qa.test.DateParserHomeTest"/>
  <testcase name="DateParserTest" time="1.847" classname="com.propine.qa.test.DateParserHomeTest"/>
  <testcase name="DateParserTest" time="1.941" classname="com.propine.qa.test.DateParserHomeTest"/>
  <testcase name="DateParserTest" time="2.083" classname="com.propine.qa.test.DateParserHomeTest"/>
  <testcase name="DateParserTest" time="1.896" classname="com.propine.qa.test.DateParserHomeTest"/>
  <testcase name="DateParserTest" time="1.721" classname="com.propine.qa.test.DateParserHomeTest"/>
  <testcase name="DateParserTest" time="2.071" classname="com.propine.qa.test.DateParserHomeTest"/>
</testsuite> <!-- com.propine.qa.test.DateParserHomeTest -->
